<?xml version="1.0" encoding="UTF-8"?>
<!-- Generated by org.testng.reporters.JUnitReportReporter -->
<testsuite hostname="ship" name="tests_NG_without_cucumber.NumberTest" tests="1" failures="0" timestamp="11 Oct 2018 18:31:01 GMT" time="94.484" errors="0">
  <testcase name="numberITTest" time="94.484" classname="tests_NG_without_cucumber.NumberTest"/>
</testsuite> <!-- tests_NG_without_cucumber.NumberTest -->
