<?xml version="1.0" encoding="UTF-8"?>
<!-- Generated by org.testng.reporters.JUnitReportReporter -->
<testsuite hostname="ship" name="tests.NumberTest" tests="1" failures="0" timestamp="11 Oct 2018 18:25:58 GMT" time="51.657" errors="0">
  <testcase name="numberITTest" time="51.657" classname="tests.NumberTest"/>
</testsuite> <!-- tests.NumberTest -->
