<?xml version="1.0" encoding="UTF-8"?>
<!-- Generated by org.testng.reporters.JUnitReportReporter -->
<testsuite hostname="ship" name="steps.StepsTest" tests="1" failures="0" timestamp="12 Oct 2018 10:19:39 GMT" time="125.266" errors="0">
  <testcase name="login" time="125.266" classname="steps.StepsTest"/>
</testsuite> <!-- steps.StepsTest -->
