<?xml version="1.0" encoding="UTF-8"?>
<!-- Generated by org.testng.reporters.JUnitReportReporter -->
<testsuite hostname="ship" name="tests.CalcTest" tests="1" failures="0" timestamp="9 Oct 2018 18:10:14 GMT" time="0.078" errors="0">
  <testcase name="testSum" time="0.078" classname="tests.CalcTest"/>
</testsuite> <!-- tests.CalcTest -->
