<?xml version="1.0" encoding="UTF-8"?>
<!-- Generated by org.testng.reporters.JUnitReportReporter -->
<testsuite hostname="ship" name="org.cucumber.tests.OpenMRSTests" tests="1" failures="0" timestamp="11 Oct 2018 09:45:21 GMT" time="7.047" errors="0">
  <testcase name="login" time="7.047" classname="org.cucumber.tests.OpenMRSTests"/>
</testsuite> <!-- org.cucumber.tests.OpenMRSTests -->
